build/app/intermediates/manifest_merge_blame_file/debug/manifest-merger-blame-debug-report.txt
1<?xml version="1.0" encoding="utf-8"?>
2<manifest xmlns:android="http://schemas.android.com/apk/res/android"
3    package="com.mrw1986.fftcg_companion_app"
4    android:versionCode="1"
5    android:versionName="1.0.0" >
6
7    <uses-sdk
8        android:minSdkVersion="21"
9        android:targetSdkVersion="34" />
10    <!--
11         The INTERNET permission is required for development. Specifically,
12         the Flutter tool needs it to communicate with the running application
13         to allow setting breakpoints, to provide hot reload, etc.
14    -->
15    <uses-permission android:name="android.permission.INTERNET" />
15-->src\main\AndroidManifest.xml:3:5-66
15-->src\main\AndroidManifest.xml:3:22-64
16    <uses-permission android:name="android.permission.ACCESS_NETWORK_STATE" />
16-->src\main\AndroidManifest.xml:4:5-78
16-->src\main\AndroidManifest.xml:4:22-76
17    <uses-permission android:name="android.permission.WAKE_LOCK" />
17-->src\main\AndroidManifest.xml:5:5-67
17-->src\main\AndroidManifest.xml:5:22-65
18    <uses-permission android:name="com.google.android.gms.permission.AD_ID" />
18-->[com.google.android.gms:play-services-measurement-api:21.6.1] AndroidManifest.xml:25:5-79
18-->[com.google.android.gms:play-services-measurement-api:21.6.1] AndroidManifest.xml:25:22-76
19    <uses-permission android:name="android.permission.ACCESS_ADSERVICES_ATTRIBUTION" />
19-->[com.google.android.gms:play-services-measurement-api:21.6.1] AndroidManifest.xml:26:5-88
19-->[com.google.android.gms:play-services-measurement-api:21.6.1] AndroidManifest.xml:26:22-85
20    <uses-permission android:name="android.permission.ACCESS_ADSERVICES_AD_ID" />
20-->[com.google.android.gms:play-services-measurement-api:21.6.1] AndroidManifest.xml:27:5-82
20-->[com.google.android.gms:play-services-measurement-api:21.6.1] AndroidManifest.xml:27:22-79
21    <uses-permission android:name="com.google.android.providers.gsf.permission.READ_GSERVICES" />
21-->[com.google.android.recaptcha:recaptcha:18.4.0] AndroidManifest.xml:9:5-98
21-->[com.google.android.recaptcha:recaptcha:18.4.0] AndroidManifest.xml:9:22-95
22    <uses-permission android:name="com.google.android.finsky.permission.BIND_GET_INSTALL_REFERRER_SERVICE" />
22-->[com.google.android.gms:play-services-measurement:21.6.1] AndroidManifest.xml:26:5-110
22-->[com.google.android.gms:play-services-measurement:21.6.1] AndroidManifest.xml:26:22-107
23    <uses-permission android:name="android.permission.RECEIVE_BOOT_COMPLETED" />
23-->[androidx.work:work-runtime:2.8.1] AndroidManifest.xml:25:5-81
23-->[androidx.work:work-runtime:2.8.1] AndroidManifest.xml:25:22-78
24    <uses-permission android:name="android.permission.FOREGROUND_SERVICE" />
24-->[androidx.work:work-runtime:2.8.1] AndroidManifest.xml:26:5-77
24-->[androidx.work:work-runtime:2.8.1] AndroidManifest.xml:26:22-74
25
26    <permission
26-->[androidx.core:core:1.13.1] AndroidManifest.xml:22:5-24:47
27        android:name="com.mrw1986.fftcg_companion_app.DYNAMIC_RECEIVER_NOT_EXPORTED_PERMISSION"
27-->[androidx.core:core:1.13.1] AndroidManifest.xml:23:9-81
28        android:protectionLevel="signature" />
28-->[androidx.core:core:1.13.1] AndroidManifest.xml:24:9-44
29
30    <uses-permission android:name="com.mrw1986.fftcg_companion_app.DYNAMIC_RECEIVER_NOT_EXPORTED_PERMISSION" />
30-->[androidx.core:core:1.13.1] AndroidManifest.xml:26:5-97
30-->[androidx.core:core:1.13.1] AndroidManifest.xml:26:22-94
31
32    <application
33        android:name="android.app.Application"
34        android:allowBackup="true"
35        android:appComponentFactory="androidx.core.app.CoreComponentFactory"
35-->[androidx.core:core:1.13.1] AndroidManifest.xml:28:18-86
36        android:debuggable="true"
37        android:extractNativeLibs="true"
38        android:fullBackupContent="@xml/backup_rules"
39        android:icon="@mipmap/ic_launcher"
40        android:label="FFTCG Companion"
41        android:networkSecurityConfig="@xml/network_security_config" >
42        <activity
43            android:name="com.mrw1986.fftcg_companion_app.MainActivity"
44            android:configChanges="orientation|keyboardHidden|keyboard|screenSize|smallestScreenSize|locale|layoutDirection|fontScale|screenLayout|density|uiMode"
45            android:exported="true"
46            android:hardwareAccelerated="true"
47            android:launchMode="singleTop"
48            android:theme="@style/LaunchTheme"
49            android:windowSoftInputMode="adjustResize" >
50            <meta-data
51                android:name="io.flutter.embedding.android.NormalTheme"
52                android:resource="@style/NormalTheme" />
53
54            <intent-filter>
55                <action android:name="android.intent.action.MAIN" />
56
57                <category android:name="android.intent.category.LAUNCHER" />
58            </intent-filter>
59        </activity>
60
61        <meta-data
62            android:name="flutterEmbedding"
63            android:value="2" />
64
65        <service
65-->[:cloud_firestore] AndroidManifest.xml:8:9-12:19
66            android:name="com.google.firebase.components.ComponentDiscoveryService"
66-->[:cloud_firestore] AndroidManifest.xml:8:18-89
67            android:directBootAware="true"
67-->[com.google.firebase:firebase-common:20.4.3] AndroidManifest.xml:32:13-43
68            android:exported="false" >
68-->[com.google.firebase:firebase-auth:22.3.1] AndroidManifest.xml:68:13-37
69            <meta-data
69-->[:cloud_firestore] AndroidManifest.xml:9:13-11:85
70                android:name="com.google.firebase.components:io.flutter.plugins.firebase.firestore.FlutterFirebaseFirestoreRegistrar"
70-->[:cloud_firestore] AndroidManifest.xml:10:17-134
71                android:value="com.google.firebase.components.ComponentRegistrar" />
71-->[:cloud_firestore] AndroidManifest.xml:11:17-82
72            <meta-data
72-->[:firebase_app_check] AndroidManifest.xml:9:13-11:85
73                android:name="com.google.firebase.components:io.flutter.plugins.firebase.appcheck.FlutterFirebaseAppRegistrar"
73-->[:firebase_app_check] AndroidManifest.xml:10:17-127
74                android:value="com.google.firebase.components.ComponentRegistrar" />
74-->[:firebase_app_check] AndroidManifest.xml:11:17-82
75            <meta-data
75-->[:firebase_auth] AndroidManifest.xml:9:13-11:85
76                android:name="com.google.firebase.components:io.flutter.plugins.firebase.auth.FlutterFirebaseAuthRegistrar"
76-->[:firebase_auth] AndroidManifest.xml:10:17-124
77                android:value="com.google.firebase.components.ComponentRegistrar" />
77-->[:firebase_auth] AndroidManifest.xml:11:17-82
78            <meta-data
78-->[:firebase_storage] AndroidManifest.xml:9:13-11:85
79                android:name="com.google.firebase.components:io.flutter.plugins.firebase.storage.FlutterFirebaseAppRegistrar"
79-->[:firebase_storage] AndroidManifest.xml:10:17-126
80                android:value="com.google.firebase.components.ComponentRegistrar" />
80-->[:firebase_storage] AndroidManifest.xml:11:17-82
81            <meta-data
81-->[:firebase_core] AndroidManifest.xml:9:13-11:85
82                android:name="com.google.firebase.components:io.flutter.plugins.firebase.core.FlutterFirebaseCoreRegistrar"
82-->[:firebase_core] AndroidManifest.xml:10:17-124
83                android:value="com.google.firebase.components.ComponentRegistrar" />
83-->[:firebase_core] AndroidManifest.xml:11:17-82
84            <meta-data
84-->[com.google.firebase:firebase-auth:22.3.1] AndroidManifest.xml:69:13-71:85
85                android:name="com.google.firebase.components:com.google.firebase.auth.FirebaseAuthRegistrar"
85-->[com.google.firebase:firebase-auth:22.3.1] AndroidManifest.xml:70:17-109
86                android:value="com.google.firebase.components.ComponentRegistrar" />
86-->[com.google.firebase:firebase-auth:22.3.1] AndroidManifest.xml:71:17-82
87            <meta-data
87-->[com.google.firebase:firebase-firestore:24.11.0] AndroidManifest.xml:17:13-19:85
88                android:name="com.google.firebase.components:com.google.firebase.firestore.FirebaseFirestoreKtxRegistrar"
88-->[com.google.firebase:firebase-firestore:24.11.0] AndroidManifest.xml:18:17-122
89                android:value="com.google.firebase.components.ComponentRegistrar" />
89-->[com.google.firebase:firebase-firestore:24.11.0] AndroidManifest.xml:19:17-82
90            <meta-data
90-->[com.google.firebase:firebase-firestore:24.11.0] AndroidManifest.xml:20:13-22:85
91                android:name="com.google.firebase.components:com.google.firebase.firestore.FirestoreRegistrar"
91-->[com.google.firebase:firebase-firestore:24.11.0] AndroidManifest.xml:21:17-111
92                android:value="com.google.firebase.components.ComponentRegistrar" />
92-->[com.google.firebase:firebase-firestore:24.11.0] AndroidManifest.xml:22:17-82
93            <meta-data
93-->[com.google.firebase:firebase-appcheck-playintegrity:17.1.2] AndroidManifest.xml:25:13-27:85
94                android:name="com.google.firebase.components:com.google.firebase.appcheck.playintegrity.FirebaseAppCheckPlayIntegrityRegistrar"
94-->[com.google.firebase:firebase-appcheck-playintegrity:17.1.2] AndroidManifest.xml:26:17-144
95                android:value="com.google.firebase.components.ComponentRegistrar" />
95-->[com.google.firebase:firebase-appcheck-playintegrity:17.1.2] AndroidManifest.xml:27:17-82
96            <meta-data
96-->[com.google.firebase:firebase-storage:20.3.0] AndroidManifest.xml:30:13-32:85
97                android:name="com.google.firebase.components:com.google.firebase.storage.FirebaseStorageKtxRegistrar"
97-->[com.google.firebase:firebase-storage:20.3.0] AndroidManifest.xml:31:17-118
98                android:value="com.google.firebase.components.ComponentRegistrar" />
98-->[com.google.firebase:firebase-storage:20.3.0] AndroidManifest.xml:32:17-82
99            <meta-data
99-->[com.google.firebase:firebase-storage:20.3.0] AndroidManifest.xml:33:13-35:85
100                android:name="com.google.firebase.components:com.google.firebase.storage.StorageRegistrar"
100-->[com.google.firebase:firebase-storage:20.3.0] AndroidManifest.xml:34:17-107
101                android:value="com.google.firebase.components.ComponentRegistrar" />
101-->[com.google.firebase:firebase-storage:20.3.0] AndroidManifest.xml:35:17-82
102            <meta-data
102-->[com.google.firebase:firebase-appcheck-debug:17.1.2] AndroidManifest.xml:25:13-27:85
103                android:name="com.google.firebase.components:com.google.firebase.appcheck.debug.FirebaseAppCheckDebugRegistrar"
103-->[com.google.firebase:firebase-appcheck-debug:17.1.2] AndroidManifest.xml:26:17-128
104                android:value="com.google.firebase.components.ComponentRegistrar" />
104-->[com.google.firebase:firebase-appcheck-debug:17.1.2] AndroidManifest.xml:27:17-82
105            <meta-data
105-->[com.google.android.gms:play-services-measurement-api:21.6.1] AndroidManifest.xml:37:13-39:85
106                android:name="com.google.firebase.components:com.google.firebase.analytics.connector.internal.AnalyticsConnectorRegistrar"
106-->[com.google.android.gms:play-services-measurement-api:21.6.1] AndroidManifest.xml:38:17-139
107                android:value="com.google.firebase.components.ComponentRegistrar" />
107-->[com.google.android.gms:play-services-measurement-api:21.6.1] AndroidManifest.xml:39:17-82
108            <meta-data
108-->[com.google.firebase:firebase-appcheck-safetynet:16.1.2] AndroidManifest.xml:27:13-29:85
109                android:name="com.google.firebase.components:com.google.firebase.appcheck.safetynet.FirebaseAppCheckSafetyNetRegistrar"
109-->[com.google.firebase:firebase-appcheck-safetynet:16.1.2] AndroidManifest.xml:28:17-136
110                android:value="com.google.firebase.components.ComponentRegistrar" />
110-->[com.google.firebase:firebase-appcheck-safetynet:16.1.2] AndroidManifest.xml:29:17-82
111            <meta-data
111-->[com.google.firebase:firebase-appcheck:17.1.2] AndroidManifest.xml:25:13-27:85
112                android:name="com.google.firebase.components:com.google.firebase.appcheck.FirebaseAppCheckKtxRegistrar"
112-->[com.google.firebase:firebase-appcheck:17.1.2] AndroidManifest.xml:26:17-120
113                android:value="com.google.firebase.components.ComponentRegistrar" />
113-->[com.google.firebase:firebase-appcheck:17.1.2] AndroidManifest.xml:27:17-82
114            <meta-data
114-->[com.google.firebase:firebase-appcheck:17.1.2] AndroidManifest.xml:28:13-30:85
115                android:name="com.google.firebase.components:com.google.firebase.appcheck.FirebaseAppCheckRegistrar"
115-->[com.google.firebase:firebase-appcheck:17.1.2] AndroidManifest.xml:29:17-117
116                android:value="com.google.firebase.components.ComponentRegistrar" />
116-->[com.google.firebase:firebase-appcheck:17.1.2] AndroidManifest.xml:30:17-82
117            <meta-data
117-->[com.google.firebase:firebase-installations:17.2.0] AndroidManifest.xml:15:13-17:85
118                android:name="com.google.firebase.components:com.google.firebase.installations.FirebaseInstallationsKtxRegistrar"
118-->[com.google.firebase:firebase-installations:17.2.0] AndroidManifest.xml:16:17-130
119                android:value="com.google.firebase.components.ComponentRegistrar" />
119-->[com.google.firebase:firebase-installations:17.2.0] AndroidManifest.xml:17:17-82
120            <meta-data
120-->[com.google.firebase:firebase-installations:17.2.0] AndroidManifest.xml:18:13-20:85
121                android:name="com.google.firebase.components:com.google.firebase.installations.FirebaseInstallationsRegistrar"
121-->[com.google.firebase:firebase-installations:17.2.0] AndroidManifest.xml:19:17-127
122                android:value="com.google.firebase.components.ComponentRegistrar" />
122-->[com.google.firebase:firebase-installations:17.2.0] AndroidManifest.xml:20:17-82
123            <meta-data
123-->[com.google.firebase:firebase-common-ktx:20.4.3] AndroidManifest.xml:12:13-14:85
124                android:name="com.google.firebase.components:com.google.firebase.ktx.FirebaseCommonLegacyRegistrar"
124-->[com.google.firebase:firebase-common-ktx:20.4.3] AndroidManifest.xml:13:17-116
125                android:value="com.google.firebase.components.ComponentRegistrar" />
125-->[com.google.firebase:firebase-common-ktx:20.4.3] AndroidManifest.xml:14:17-82
126            <meta-data
126-->[com.google.firebase:firebase-common:20.4.3] AndroidManifest.xml:35:13-37:85
127                android:name="com.google.firebase.components:com.google.firebase.FirebaseCommonKtxRegistrar"
127-->[com.google.firebase:firebase-common:20.4.3] AndroidManifest.xml:36:17-109
128                android:value="com.google.firebase.components.ComponentRegistrar" />
128-->[com.google.firebase:firebase-common:20.4.3] AndroidManifest.xml:37:17-82
129        </service>
130        <!--
131           Declares a provider which allows us to store files to share in
132           '.../caches/share_plus' and grant the receiving action access
133        -->
134        <provider
134-->[:share_plus] AndroidManifest.xml:13:9-21:20
135            android:name="dev.fluttercommunity.plus.share.ShareFileProvider"
135-->[:share_plus] AndroidManifest.xml:14:13-77
136            android:authorities="com.mrw1986.fftcg_companion_app.flutter.share_provider"
136-->[:share_plus] AndroidManifest.xml:15:13-74
137            android:exported="false"
137-->[:share_plus] AndroidManifest.xml:16:13-37
138            android:grantUriPermissions="true" >
138-->[:share_plus] AndroidManifest.xml:17:13-47
139            <meta-data
139-->[:share_plus] AndroidManifest.xml:18:13-20:68
140                android:name="android.support.FILE_PROVIDER_PATHS"
140-->[:share_plus] AndroidManifest.xml:19:17-67
141                android:resource="@xml/flutter_share_file_paths" />
141-->[:share_plus] AndroidManifest.xml:20:17-65
142        </provider>
143        <!--
144           This manifest declared broadcast receiver allows us to use an explicit
145           Intent when creating a PendingItent to be informed of the user's choice
146        -->
147        <receiver
147-->[:share_plus] AndroidManifest.xml:26:9-32:20
148            android:name="dev.fluttercommunity.plus.share.SharePlusPendingIntent"
148-->[:share_plus] AndroidManifest.xml:27:13-82
149            android:exported="false" >
149-->[:share_plus] AndroidManifest.xml:28:13-37
150            <intent-filter>
150-->[:share_plus] AndroidManifest.xml:29:13-31:29
151                <action android:name="EXTRA_CHOSEN_COMPONENT" />
151-->[:share_plus] AndroidManifest.xml:30:17-65
151-->[:share_plus] AndroidManifest.xml:30:25-62
152            </intent-filter>
153        </receiver>
154
155        <activity
155-->[com.google.firebase:firebase-auth:22.3.1] AndroidManifest.xml:29:9-46:20
156            android:name="com.google.firebase.auth.internal.GenericIdpActivity"
156-->[com.google.firebase:firebase-auth:22.3.1] AndroidManifest.xml:30:13-80
157            android:excludeFromRecents="true"
157-->[com.google.firebase:firebase-auth:22.3.1] AndroidManifest.xml:31:13-46
158            android:exported="true"
158-->[com.google.firebase:firebase-auth:22.3.1] AndroidManifest.xml:32:13-36
159            android:launchMode="singleTask"
159-->[com.google.firebase:firebase-auth:22.3.1] AndroidManifest.xml:33:13-44
160            android:theme="@android:style/Theme.Translucent.NoTitleBar" >
160-->[com.google.firebase:firebase-auth:22.3.1] AndroidManifest.xml:34:13-72
161            <intent-filter>
161-->[com.google.firebase:firebase-auth:22.3.1] AndroidManifest.xml:35:13-45:29
162                <action android:name="android.intent.action.VIEW" />
162-->[com.google.firebase:firebase-auth:22.3.1] AndroidManifest.xml:36:17-69
162-->[com.google.firebase:firebase-auth:22.3.1] AndroidManifest.xml:36:25-66
163
164                <category android:name="android.intent.category.DEFAULT" />
164-->[com.google.firebase:firebase-auth:22.3.1] AndroidManifest.xml:38:17-76
164-->[com.google.firebase:firebase-auth:22.3.1] AndroidManifest.xml:38:27-73
165                <category android:name="android.intent.category.BROWSABLE" />
165-->[com.google.firebase:firebase-auth:22.3.1] AndroidManifest.xml:39:17-78
165-->[com.google.firebase:firebase-auth:22.3.1] AndroidManifest.xml:39:27-75
166
167                <data
167-->[com.google.firebase:firebase-auth:22.3.1] AndroidManifest.xml:41:17-44:51
168                    android:host="firebase.auth"
168-->[com.google.firebase:firebase-auth:22.3.1] AndroidManifest.xml:42:21-49
169                    android:path="/"
169-->[com.google.firebase:firebase-auth:22.3.1] AndroidManifest.xml:43:21-37
170                    android:scheme="genericidp" />
170-->[com.google.firebase:firebase-auth:22.3.1] AndroidManifest.xml:44:21-48
171            </intent-filter>
172        </activity>
173        <activity
173-->[com.google.firebase:firebase-auth:22.3.1] AndroidManifest.xml:47:9-64:20
174            android:name="com.google.firebase.auth.internal.RecaptchaActivity"
174-->[com.google.firebase:firebase-auth:22.3.1] AndroidManifest.xml:48:13-79
175            android:excludeFromRecents="true"
175-->[com.google.firebase:firebase-auth:22.3.1] AndroidManifest.xml:49:13-46
176            android:exported="true"
176-->[com.google.firebase:firebase-auth:22.3.1] AndroidManifest.xml:50:13-36
177            android:launchMode="singleTask"
177-->[com.google.firebase:firebase-auth:22.3.1] AndroidManifest.xml:51:13-44
178            android:theme="@android:style/Theme.Translucent.NoTitleBar" >
178-->[com.google.firebase:firebase-auth:22.3.1] AndroidManifest.xml:52:13-72
179            <intent-filter>
179-->[com.google.firebase:firebase-auth:22.3.1] AndroidManifest.xml:53:13-63:29
180                <action android:name="android.intent.action.VIEW" />
180-->[com.google.firebase:firebase-auth:22.3.1] AndroidManifest.xml:36:17-69
180-->[com.google.firebase:firebase-auth:22.3.1] AndroidManifest.xml:36:25-66
181
182                <category android:name="android.intent.category.DEFAULT" />
182-->[com.google.firebase:firebase-auth:22.3.1] AndroidManifest.xml:38:17-76
182-->[com.google.firebase:firebase-auth:22.3.1] AndroidManifest.xml:38:27-73
183                <category android:name="android.intent.category.BROWSABLE" />
183-->[com.google.firebase:firebase-auth:22.3.1] AndroidManifest.xml:39:17-78
183-->[com.google.firebase:firebase-auth:22.3.1] AndroidManifest.xml:39:27-75
184
185                <data
185-->[com.google.firebase:firebase-auth:22.3.1] AndroidManifest.xml:41:17-44:51
186                    android:host="firebase.auth"
186-->[com.google.firebase:firebase-auth:22.3.1] AndroidManifest.xml:42:21-49
187                    android:path="/"
187-->[com.google.firebase:firebase-auth:22.3.1] AndroidManifest.xml:43:21-37
188                    android:scheme="recaptcha" />
188-->[com.google.firebase:firebase-auth:22.3.1] AndroidManifest.xml:44:21-48
189            </intent-filter>
190        </activity>
191
192        <property
192-->[com.google.android.gms:play-services-measurement-api:21.6.1] AndroidManifest.xml:30:9-32:61
193            android:name="android.adservices.AD_SERVICES_CONFIG"
193-->[com.google.android.gms:play-services-measurement-api:21.6.1] AndroidManifest.xml:31:13-65
194            android:resource="@xml/ga_ad_services_config" />
194-->[com.google.android.gms:play-services-measurement-api:21.6.1] AndroidManifest.xml:32:13-58
195
196        <activity
196-->[com.google.android.gms:play-services-auth:21.0.0] AndroidManifest.xml:23:9-27:75
197            android:name="com.google.android.gms.auth.api.signin.internal.SignInHubActivity"
197-->[com.google.android.gms:play-services-auth:21.0.0] AndroidManifest.xml:24:13-93
198            android:excludeFromRecents="true"
198-->[com.google.android.gms:play-services-auth:21.0.0] AndroidManifest.xml:25:13-46
199            android:exported="false"
199-->[com.google.android.gms:play-services-auth:21.0.0] AndroidManifest.xml:26:13-37
200            android:theme="@android:style/Theme.Translucent.NoTitleBar" />
200-->[com.google.android.gms:play-services-auth:21.0.0] AndroidManifest.xml:27:13-72
201        <!--
202            Service handling Google Sign-In user revocation. For apps that do not integrate with
203            Google Sign-In, this service will never be started.
204        -->
205        <service
205-->[com.google.android.gms:play-services-auth:21.0.0] AndroidManifest.xml:33:9-37:51
206            android:name="com.google.android.gms.auth.api.signin.RevocationBoundService"
206-->[com.google.android.gms:play-services-auth:21.0.0] AndroidManifest.xml:34:13-89
207            android:exported="true"
207-->[com.google.android.gms:play-services-auth:21.0.0] AndroidManifest.xml:35:13-36
208            android:permission="com.google.android.gms.auth.api.signin.permission.REVOCATION_NOTIFICATION"
208-->[com.google.android.gms:play-services-auth:21.0.0] AndroidManifest.xml:36:13-107
209            android:visibleToInstantApps="true" />
209-->[com.google.android.gms:play-services-auth:21.0.0] AndroidManifest.xml:37:13-48
210
211        <receiver
211-->[com.google.android.gms:play-services-measurement:21.6.1] AndroidManifest.xml:29:9-33:20
212            android:name="com.google.android.gms.measurement.AppMeasurementReceiver"
212-->[com.google.android.gms:play-services-measurement:21.6.1] AndroidManifest.xml:30:13-85
213            android:enabled="true"
213-->[com.google.android.gms:play-services-measurement:21.6.1] AndroidManifest.xml:31:13-35
214            android:exported="false" >
214-->[com.google.android.gms:play-services-measurement:21.6.1] AndroidManifest.xml:32:13-37
215        </receiver>
216
217        <service
217-->[com.google.android.gms:play-services-measurement:21.6.1] AndroidManifest.xml:35:9-38:40
218            android:name="com.google.android.gms.measurement.AppMeasurementService"
218-->[com.google.android.gms:play-services-measurement:21.6.1] AndroidManifest.xml:36:13-84
219            android:enabled="true"
219-->[com.google.android.gms:play-services-measurement:21.6.1] AndroidManifest.xml:37:13-35
220            android:exported="false" />
220-->[com.google.android.gms:play-services-measurement:21.6.1] AndroidManifest.xml:38:13-37
221        <service
221-->[com.google.android.gms:play-services-measurement:21.6.1] AndroidManifest.xml:39:9-43:72
222            android:name="com.google.android.gms.measurement.AppMeasurementJobService"
222-->[com.google.android.gms:play-services-measurement:21.6.1] AndroidManifest.xml:40:13-87
223            android:enabled="true"
223-->[com.google.android.gms:play-services-measurement:21.6.1] AndroidManifest.xml:41:13-35
224            android:exported="false"
224-->[com.google.android.gms:play-services-measurement:21.6.1] AndroidManifest.xml:42:13-37
225            android:permission="android.permission.BIND_JOB_SERVICE" />
225-->[com.google.android.gms:play-services-measurement:21.6.1] AndroidManifest.xml:43:13-69
226
227        <provider
227-->[com.google.firebase:firebase-common:20.4.3] AndroidManifest.xml:23:9-28:39
228            android:name="com.google.firebase.provider.FirebaseInitProvider"
228-->[com.google.firebase:firebase-common:20.4.3] AndroidManifest.xml:24:13-77
229            android:authorities="com.mrw1986.fftcg_companion_app.firebaseinitprovider"
229-->[com.google.firebase:firebase-common:20.4.3] AndroidManifest.xml:25:13-72
230            android:directBootAware="true"
230-->[com.google.firebase:firebase-common:20.4.3] AndroidManifest.xml:26:13-43
231            android:exported="false"
231-->[com.google.firebase:firebase-common:20.4.3] AndroidManifest.xml:27:13-37
232            android:initOrder="100" />
232-->[com.google.firebase:firebase-common:20.4.3] AndroidManifest.xml:28:13-36
233
234        <uses-library
234-->[androidx.window:window:1.2.0] AndroidManifest.xml:23:9-25:40
235            android:name="androidx.window.extensions"
235-->[androidx.window:window:1.2.0] AndroidManifest.xml:24:13-54
236            android:required="false" />
236-->[androidx.window:window:1.2.0] AndroidManifest.xml:25:13-37
237        <uses-library
237-->[androidx.window:window:1.2.0] AndroidManifest.xml:26:9-28:40
238            android:name="androidx.window.sidecar"
238-->[androidx.window:window:1.2.0] AndroidManifest.xml:27:13-51
239            android:required="false" />
239-->[androidx.window:window:1.2.0] AndroidManifest.xml:28:13-37
240
241        <provider
241-->[androidx.work:work-runtime:2.8.1] AndroidManifest.xml:29:9-37:20
242            android:name="androidx.startup.InitializationProvider"
242-->[androidx.work:work-runtime:2.8.1] AndroidManifest.xml:30:13-67
243            android:authorities="com.mrw1986.fftcg_companion_app.androidx-startup"
243-->[androidx.work:work-runtime:2.8.1] AndroidManifest.xml:31:13-68
244            android:exported="false" >
244-->[androidx.work:work-runtime:2.8.1] AndroidManifest.xml:32:13-37
245            <meta-data
245-->[androidx.work:work-runtime:2.8.1] AndroidManifest.xml:34:13-36:52
246                android:name="androidx.work.WorkManagerInitializer"
246-->[androidx.work:work-runtime:2.8.1] AndroidManifest.xml:35:17-68
247                android:value="androidx.startup" />
247-->[androidx.work:work-runtime:2.8.1] AndroidManifest.xml:36:17-49
248            <meta-data
248-->[androidx.lifecycle:lifecycle-process:2.7.0] AndroidManifest.xml:29:13-31:52
249                android:name="androidx.lifecycle.ProcessLifecycleInitializer"
249-->[androidx.lifecycle:lifecycle-process:2.7.0] AndroidManifest.xml:30:17-78
250                android:value="androidx.startup" />
250-->[androidx.lifecycle:lifecycle-process:2.7.0] AndroidManifest.xml:31:17-49
251            <meta-data
251-->[androidx.profileinstaller:profileinstaller:1.3.1] AndroidManifest.xml:29:13-31:52
252                android:name="androidx.profileinstaller.ProfileInstallerInitializer"
252-->[androidx.profileinstaller:profileinstaller:1.3.1] AndroidManifest.xml:30:17-85
253                android:value="androidx.startup" />
253-->[androidx.profileinstaller:profileinstaller:1.3.1] AndroidManifest.xml:31:17-49
254        </provider>
255
256        <service
256-->[androidx.work:work-runtime:2.8.1] AndroidManifest.xml:39:9-45:35
257            android:name="androidx.work.impl.background.systemalarm.SystemAlarmService"
257-->[androidx.work:work-runtime:2.8.1] AndroidManifest.xml:40:13-88
258            android:directBootAware="false"
258-->[androidx.work:work-runtime:2.8.1] AndroidManifest.xml:41:13-44
259            android:enabled="@bool/enable_system_alarm_service_default"
259-->[androidx.work:work-runtime:2.8.1] AndroidManifest.xml:42:13-72
260            android:exported="false" />
260-->[androidx.work:work-runtime:2.8.1] AndroidManifest.xml:43:13-37
261        <service
261-->[androidx.work:work-runtime:2.8.1] AndroidManifest.xml:46:9-52:35
262            android:name="androidx.work.impl.background.systemjob.SystemJobService"
262-->[androidx.work:work-runtime:2.8.1] AndroidManifest.xml:47:13-84
263            android:directBootAware="false"
263-->[androidx.work:work-runtime:2.8.1] AndroidManifest.xml:48:13-44
264            android:enabled="@bool/enable_system_job_service_default"
264-->[androidx.work:work-runtime:2.8.1] AndroidManifest.xml:49:13-70
265            android:exported="true"
265-->[androidx.work:work-runtime:2.8.1] AndroidManifest.xml:50:13-36
266            android:permission="android.permission.BIND_JOB_SERVICE" />
266-->[androidx.work:work-runtime:2.8.1] AndroidManifest.xml:51:13-69
267        <service
267-->[androidx.work:work-runtime:2.8.1] AndroidManifest.xml:53:9-59:35
268            android:name="androidx.work.impl.foreground.SystemForegroundService"
268-->[androidx.work:work-runtime:2.8.1] AndroidManifest.xml:54:13-81
269            android:directBootAware="false"